<?xml version="1.0" encoding="UTF-8"?>
<testng-results ignored="0" total="7" passed="7" failed="0" skipped="0">
  <reporter-output>
  </reporter-output>
  <suite started-at="2024-04-24T16:32:05 EDT" name="Suite" finished-at="2024-04-24T16:32:29 EDT" duration-ms="24349">
    <groups>
      <group name="cucumber">
        <method signature="AbstractTestNGCucumberTests.runScenario(io.cucumber.testng.PickleWrapper,io.cucumber.testng.FeatureWrapper)[pri:0, instance:runners.MainRunner@22555ebf]" name="runScenario" class="io.cucumber.testng.AbstractTestNGCucumberTests"/>
      </group> <!-- cucumber -->
    </groups>
    <test started-at="2024-04-24T16:32:05 EDT" name="Test" finished-at="2024-04-24T16:32:29 EDT" duration-ms="24349">
      <class name="runners.MainRunner">
        <test-method is-config="true" signature="setUpClass(org.testng.ITestContext)[pri:0, instance:runners.MainRunner@22555ebf]" started-at="2024-04-24T16:32:05 EDT" name="setUpClass" finished-at="2024-04-24T16:32:05 EDT" duration-ms="599" status="PASS">
          <params>
            <param index="0">
              <value>
                <![CDATA[org.testng.TestRunner@41e1e210]]>
              </value>
            </param>
          </params>
          <reporter-output>
          </reporter-output>
        </test-method> <!-- setUpClass -->
        <test-method signature="runScenario(io.cucumber.testng.PickleWrapper,io.cucumber.testng.FeatureWrapper)[pri:0, instance:runners.MainRunner@22555ebf]" started-at="2024-04-24T16:32:05 EDT" name="runScenario" description="Runs Cucumber Scenarios" data-provider="scenarios" finished-at="2024-04-24T16:32:25 EDT" duration-ms="19300" status="PASS">
          <params>
            <param index="0">
              <value>
                <![CDATA["Validate Successful Submission - Specific Data"]]>
              </value>
            </param>
            <param index="1">
              <value>
                <![CDATA["WebDriver University - Contact Us Page"]]>
              </value>
            </param>
          </params>
          <reporter-output>
          </reporter-output>
        </test-method> <!-- runScenario -->
        <test-method signature="runScenario(io.cucumber.testng.PickleWrapper,io.cucumber.testng.FeatureWrapper)[pri:0, instance:runners.MainRunner@22555ebf]" started-at="2024-04-24T16:32:05 EDT" name="runScenario" description="Runs Cucumber Scenarios" data-provider="scenarios" finished-at="2024-04-24T16:32:23 EDT" duration-ms="17896" status="PASS">
          <params>
            <param index="0">
              <value>
                <![CDATA["Validate Successful Login"]]>
              </value>
            </param>
            <param index="1">
              <value>
                <![CDATA["WebDriver University - Login Page"]]>
              </value>
            </param>
          </params>
          <reporter-output>
          </reporter-output>
        </test-method> <!-- runScenario -->
        <test-method signature="runScenario(io.cucumber.testng.PickleWrapper,io.cucumber.testng.FeatureWrapper)[pri:0, instance:runners.MainRunner@22555ebf]" started-at="2024-04-24T16:32:05 EDT" name="runScenario" description="Runs Cucumber Scenarios" data-provider="scenarios" finished-at="2024-04-24T16:32:25 EDT" duration-ms="19269" status="PASS">
          <params>
            <param index="0">
              <value>
                <![CDATA["Validate Successful Submission - Unique Data"]]>
              </value>
            </param>
            <param index="1">
              <value>
                <![CDATA["WebDriver University - Contact Us Page"]]>
              </value>
            </param>
          </params>
          <reporter-output>
          </reporter-output>
        </test-method> <!-- runScenario -->
        <test-method signature="runScenario(io.cucumber.testng.PickleWrapper,io.cucumber.testng.FeatureWrapper)[pri:0, instance:runners.MainRunner@22555ebf]" started-at="2024-04-24T16:32:05 EDT" name="runScenario" description="Runs Cucumber Scenarios" data-provider="scenarios" finished-at="2024-04-24T16:32:23 EDT" duration-ms="17718" status="PASS">
          <params>
            <param index="0">
              <value>
                <![CDATA["Validate Unsuccessful Login"]]>
              </value>
            </param>
            <param index="1">
              <value>
                <![CDATA["WebDriver University - Login Page"]]>
              </value>
            </param>
          </params>
          <reporter-output>
          </reporter-output>
        </test-method> <!-- runScenario -->
        <test-method signature="runScenario(io.cucumber.testng.PickleWrapper,io.cucumber.testng.FeatureWrapper)[pri:0, instance:runners.MainRunner@22555ebf]" started-at="2024-04-24T16:32:05 EDT" name="runScenario" description="Runs Cucumber Scenarios" data-provider="scenarios" finished-at="2024-04-24T16:32:23 EDT" duration-ms="17718" status="PASS">
          <params>
            <param index="0">
              <value>
                <![CDATA["Validate - Successful & Unsuccessful Login"]]>
              </value>
            </param>
            <param index="1">
              <value>
                <![CDATA["WebDriver University - Login Page"]]>
              </value>
            </param>
          </params>
          <reporter-output>
          </reporter-output>
        </test-method> <!-- runScenario -->
        <test-method signature="runScenario(io.cucumber.testng.PickleWrapper,io.cucumber.testng.FeatureWrapper)[pri:0, instance:runners.MainRunner@22555ebf]" started-at="2024-04-24T16:32:23 EDT" name="runScenario" description="Runs Cucumber Scenarios" data-provider="scenarios" finished-at="2024-04-24T16:32:29 EDT" duration-ms="5839" status="PASS">
          <params>
            <param index="0">
              <value>
                <![CDATA["Validate - Successful & Unsuccessful Login"]]>
              </value>
            </param>
            <param index="1">
              <value>
                <![CDATA["WebDriver University - Login Page"]]>
              </value>
            </param>
          </params>
          <reporter-output>
          </reporter-output>
        </test-method> <!-- runScenario -->
        <test-method signature="runScenario(io.cucumber.testng.PickleWrapper,io.cucumber.testng.FeatureWrapper)[pri:0, instance:runners.MainRunner@22555ebf]" started-at="2024-04-24T16:32:23 EDT" name="runScenario" description="Runs Cucumber Scenarios" data-provider="scenarios" finished-at="2024-04-24T16:32:29 EDT" duration-ms="5900" status="PASS">
          <params>
            <param index="0">
              <value>
                <![CDATA["Validate - Successful & Unsuccessful Login"]]>
              </value>
            </param>
            <param index="1">
              <value>
                <![CDATA["WebDriver University - Login Page"]]>
              </value>
            </param>
          </params>
          <reporter-output>
          </reporter-output>
        </test-method> <!-- runScenario -->
        <test-method is-config="true" signature="tearDownClass()[pri:0, instance:runners.MainRunner@22555ebf]" started-at="2024-04-24T16:32:29 EDT" name="tearDownClass" finished-at="2024-04-24T16:32:29 EDT" duration-ms="66" status="PASS">
          <reporter-output>
          </reporter-output>
        </test-method> <!-- tearDownClass -->
      </class> <!-- runners.MainRunner -->
    </test> <!-- Test -->
  </suite> <!-- Suite -->
</testng-results>
